2025-07-28 11:13:21,817 - INFO - SÄku iepirkumu meklÄ“Å¡anu...
2025-07-28 11:13:21,947 - INFO - VeiksmÄ«gi pieslÄ“dzos open.iub.gov.lv
2025-07-28 11:13:21,947 - INFO - PÄrbaudu 2025-07-28...
2025-07-28 11:13:21,966 - WARNING - NevarÄ“ju apstrÄdÄt /2025/07/28: 550 Failed to change directory.
2025-07-28 11:13:21,967 - INFO - PÄrbaudu 2025-07-27...
2025-07-28 11:13:21,987 - WARNING - NevarÄ“ju apstrÄdÄt /2025/07/27: 550 Failed to change directory.
2025-07-28 11:13:21,987 - INFO - PÄrbaudu 2025-07-26...
2025-07-28 11:13:22,007 - WARNING - NevarÄ“ju apstrÄdÄt /2025/07/26: 550 Failed to change directory.
2025-07-28 11:13:22,007 - INFO - PÄrbaudu 2025-07-25...
2025-07-28 11:13:22,027 - WARNING - NevarÄ“ju apstrÄdÄt /2025/07/25: 550 Failed to change directory.
2025-07-28 11:13:22,027 - INFO - PÄrbaudu 2025-07-24...
2025-07-28 11:13:22,047 - WARNING - NevarÄ“ju apstrÄdÄt /2025/07/24: 550 Failed to change directory.
2025-07-28 11:13:22,047 - INFO - PÄrbaudu 2025-07-23...
2025-07-28 11:13:22,067 - WARNING - NevarÄ“ju apstrÄdÄt /2025/07/23: 550 Failed to change directory.
2025-07-28 11:13:22,067 - INFO - PÄrbaudu 2025-07-22...
2025-07-28 11:13:22,087 - WARNING - NevarÄ“ju apstrÄdÄt /2025/07/22: 550 Failed to change directory.
2025-07-28 11:13:22,107 - INFO - Nav atrasti atbilstoÅ¡i ieraksti
2025-07-28 11:13:22,107 - INFO - MeklÄ“Å¡ana pabeigta. Atrasti 0 atbilstoÅ¡i ieraksti.
2025-07-28 11:30:42,796 - INFO - SÄku iepirkumu meklÄ“Å¡anu...
2025-07-28 11:30:42,918 - INFO - VeiksmÄ«gi pieslÄ“dzos open.iub.gov.lv
2025-07-28 11:30:42,918 - INFO - PÄrbaudu 2025-07-28...
2025-07-28 11:30:43,138 - INFO - Fails 28_07_2025.tar.gz nav atrasts
2025-07-28 11:30:43,168 - INFO - PÄrbaudu 2025-07-27...
2025-07-28 11:30:43,298 - INFO - Fails 27_07_2025.tar.gz nav atrasts
2025-07-28 11:30:43,318 - INFO - PÄrbaudu 2025-07-26...
2025-07-28 11:30:43,451 - INFO - ApstrÄdÄju 26_07_2025.tar.gz
2025-07-28 11:30:43,669 - INFO - PÄrbaudu 2025-07-25...
2025-07-28 11:30:43,798 - INFO - ApstrÄdÄju 25_07_2025.tar.gz
2025-07-28 11:30:43,938 - INFO - PÄrbaudu 2025-07-24...
2025-07-28 11:30:44,148 - INFO - ApstrÄdÄju 24_07_2025.tar.gz
2025-07-28 11:30:44,359 - INFO - PÄrbaudu 2025-07-23...
2025-07-28 11:30:44,487 - INFO - ApstrÄdÄju 23_07_2025.tar.gz
2025-07-28 11:30:44,698 - INFO - PÄrbaudu 2025-07-22...
2025-07-28 11:30:44,897 - INFO - ApstrÄdÄju 22_07_2025.tar.gz
2025-07-28 11:30:45,048 - INFO - Nav atrasti atbilstoÅ¡i ieraksti
2025-07-28 11:30:45,053 - INFO - MeklÄ“Å¡ana pabeigta. Atrasti 0 atbilstoÅ¡i ieraksti.
2025-07-28 11:37:37,765 - INFO - SÄku iepirkumu meklÄ“Å¡anu...
2025-07-28 11:37:37,871 - INFO - VeiksmÄ«gi pieslÄ“dzos open.iub.gov.lv
2025-07-28 11:37:37,871 - INFO - PÄrbaudu 2025-07-28...
2025-07-28 11:37:38,001 - INFO - Fails 28_07_2025.tar.gz nav atrasts
2025-07-28 11:37:38,021 - INFO - PÄrbaudu 2025-07-27...
2025-07-28 11:37:38,151 - INFO - Fails 27_07_2025.tar.gz nav atrasts
2025-07-28 11:37:38,171 - INFO - PÄrbaudu 2025-07-26...
2025-07-28 11:37:38,301 - INFO - ApstrÄdÄju 26_07_2025.tar.gz
2025-07-28 11:37:38,421 - INFO - PÄrbaudu 2025-07-25...
2025-07-28 11:37:38,551 - INFO - ApstrÄdÄju 25_07_2025.tar.gz
2025-07-28 11:37:38,681 - INFO - PÄrbaudu 2025-07-24...
2025-07-28 11:37:38,811 - INFO - ApstrÄdÄju 24_07_2025.tar.gz
2025-07-28 11:37:38,930 - INFO - PÄrbaudu 2025-07-23...
2025-07-28 11:37:39,061 - INFO - ApstrÄdÄju 23_07_2025.tar.gz
2025-07-28 11:37:39,190 - INFO - PÄrbaudu 2025-07-22...
2025-07-28 11:37:39,320 - INFO - ApstrÄdÄju 22_07_2025.tar.gz
2025-07-28 11:37:39,470 - INFO - Nav atrasti atbilstoÅ¡i ieraksti
2025-07-28 11:37:39,477 - INFO - MeklÄ“Å¡ana pabeigta. Atrasti 0 atbilstoÅ¡i ieraksti.
2025-07-28 11:39:29,549 - INFO - SÄku iepirkumu meklÄ“Å¡anu...
2025-07-28 11:39:29,645 - INFO - VeiksmÄ«gi pieslÄ“dzos open.iub.gov.lv
2025-07-28 11:39:29,645 - INFO - PÄrbaudu 2025-07-28...
2025-07-28 11:39:29,768 - INFO - Fails 28_07_2025.tar.gz nav atrasts
2025-07-28 11:39:29,787 - INFO - PÄrbaudu 2025-07-27...
2025-07-28 11:39:29,915 - INFO - Fails 27_07_2025.tar.gz nav atrasts
2025-07-28 11:39:29,935 - INFO - PÄrbaudu 2025-07-26...
2025-07-28 11:39:30,065 - INFO - ApstrÄdÄju 26_07_2025.tar.gz
2025-07-28 11:39:30,184 - INFO - PÄrbaudu 2025-07-25...
2025-07-28 11:39:30,314 - INFO - ApstrÄdÄju 25_07_2025.tar.gz
2025-07-28 11:39:30,444 - INFO - PÄrbaudu 2025-07-24...
2025-07-28 11:39:30,574 - INFO - ApstrÄdÄju 24_07_2025.tar.gz
2025-07-28 11:39:30,694 - INFO - PÄrbaudu 2025-07-23...
2025-07-28 11:39:30,824 - INFO - ApstrÄdÄju 23_07_2025.tar.gz
2025-07-28 11:39:30,953 - INFO - PÄrbaudu 2025-07-22...
2025-07-28 11:39:31,070 - INFO - ApstrÄdÄju 22_07_2025.tar.gz
2025-07-28 11:39:31,224 - INFO - Nav atrasti atbilstoÅ¡i ieraksti
2025-07-28 11:39:31,231 - INFO - MeklÄ“Å¡ana pabeigta. Atrasti 0 atbilstoÅ¡i ieraksti.
2025-07-28 20:42:47,346 - INFO - SÄku iepirkumu meklÄ“Å¡anu...
2025-07-28 20:42:47,490 - INFO - VeiksmÄ«gi pieslÄ“dzos open.iub.gov.lv
2025-07-28 20:42:47,490 - INFO - PÄrbaudu 2025-07-28...
2025-07-28 20:42:47,640 - INFO - Fails 28_07_2025.tar.gz nav atrasts
2025-07-28 20:42:47,660 - INFO - PÄrbaudu 2025-07-27...
2025-07-28 20:42:47,800 - INFO - Fails 27_07_2025.tar.gz nav atrasts
2025-07-28 20:42:47,820 - INFO - PÄrbaudu 2025-07-26...
2025-07-28 20:42:47,950 - INFO - ApstrÄdÄju 26_07_2025.tar.gz
2025-07-28 20:42:48,190 - INFO - PÄrbaudu 2025-07-25...
2025-07-28 20:42:48,329 - INFO - ApstrÄdÄju 25_07_2025.tar.gz
2025-07-28 20:42:49,379 - INFO - PÄrbaudu 2025-07-24...
2025-07-28 20:42:49,509 - INFO - ApstrÄdÄju 24_07_2025.tar.gz
2025-07-28 20:42:50,859 - INFO - PÄrbaudu 2025-07-23...
2025-07-28 20:42:50,998 - INFO - ApstrÄdÄju 23_07_2025.tar.gz
2025-07-28 20:42:53,068 - INFO - PÄrbaudu 2025-07-22...
2025-07-28 20:42:53,217 - INFO - ApstrÄdÄju 22_07_2025.tar.gz
2025-07-28 20:42:56,135 - INFO - Nav atrasti atbilstoÅ¡i ieraksti
2025-07-28 20:42:56,136 - INFO - MeklÄ“Å¡ana pabeigta. Atrasti 0 atbilstoÅ¡i ieraksti.
2025-07-28 20:45:10,069 - INFO - SÄku iepirkumu meklÄ“Å¡anu...
2025-07-28 20:45:10,197 - INFO - VeiksmÄ«gi pieslÄ“dzos open.iub.gov.lv
2025-07-28 20:45:10,197 - INFO - PÄrbaudu 2025-07-28...
2025-07-28 20:45:10,379 - INFO - Fails 28_07_2025.tar.gz nav atrasts
2025-07-28 20:45:10,399 - INFO - PÄrbaudu 2025-07-27...
2025-07-28 20:45:10,549 - INFO - Fails 27_07_2025.tar.gz nav atrasts
2025-07-28 20:45:10,569 - INFO - PÄrbaudu 2025-07-26...
2025-07-28 20:45:10,718 - INFO - ApstrÄdÄju 26_07_2025.tar.gz
2025-07-28 20:45:10,958 - INFO - PÄrbaudu 2025-07-25...
2025-07-28 20:45:11,088 - INFO - ApstrÄdÄju 25_07_2025.tar.gz
2025-07-28 20:45:12,128 - INFO - PÄrbaudu 2025-07-24...
2025-07-28 20:45:12,257 - INFO - ApstrÄdÄju 24_07_2025.tar.gz
2025-07-28 20:45:13,587 - INFO - PÄrbaudu 2025-07-23...
2025-07-28 20:45:13,716 - INFO - ApstrÄdÄju 23_07_2025.tar.gz
2025-07-28 20:45:15,757 - INFO - PÄrbaudu 2025-07-22...
2025-07-28 20:45:15,875 - INFO - ApstrÄdÄju 22_07_2025.tar.gz
2025-07-28 20:45:18,754 - INFO - Nav atrasti atbilstoÅ¡i ieraksti
2025-07-28 20:45:18,755 - INFO - MeklÄ“Å¡ana pabeigta. Atrasti 0 atbilstoÅ¡i ieraksti.
2025-07-28 20:49:39,083 - INFO - SÄku iepirkumu meklÄ“Å¡anu...
2025-07-28 20:49:39,184 - INFO - VeiksmÄ«gi pieslÄ“dzos open.iub.gov.lv
2025-07-28 20:49:39,185 - INFO - PÄrbaudu 2025-07-28...
2025-07-28 20:49:39,324 - INFO - Fails 28_07_2025.tar.gz nav atrasts
2025-07-28 20:49:39,345 - INFO - PÄrbaudu 2025-07-27...
2025-07-28 20:49:39,484 - INFO - Fails 27_07_2025.tar.gz nav atrasts
2025-07-28 20:49:39,514 - INFO - PÄrbaudu 2025-07-26...
2025-07-28 20:49:39,654 - INFO - ApstrÄdÄju 26_07_2025.tar.gz
2025-07-28 20:49:39,894 - INFO - PÄrbaudu 2025-07-25...
2025-07-28 20:49:40,064 - INFO - ApstrÄdÄju 25_07_2025.tar.gz
2025-07-28 20:49:41,104 - INFO - PÄrbaudu 2025-07-24...
2025-07-28 20:49:41,244 - INFO - ApstrÄdÄju 24_07_2025.tar.gz
2025-07-28 20:49:42,592 - INFO - PÄrbaudu 2025-07-23...
2025-07-28 20:49:42,732 - INFO - ApstrÄdÄju 23_07_2025.tar.gz
2025-07-28 20:49:44,771 - INFO - PÄrbaudu 2025-07-22...
2025-07-28 20:49:44,901 - INFO - ApstrÄdÄju 22_07_2025.tar.gz
2025-07-28 20:49:47,790 - INFO - Nav atrasti atbilstoÅ¡i ieraksti
2025-07-28 20:49:47,792 - INFO - MeklÄ“Å¡ana pabeigta. Atrasti 0 atbilstoÅ¡i ieraksti.
2025-07-28 21:03:41,835 - INFO - SÄku iepirkumu meklÄ“Å¡anu...
2025-07-28 21:03:41,930 - INFO - VeiksmÄ«gi pieslÄ“dzos open.iub.gov.lv
2025-07-28 21:03:41,930 - INFO - PÄrbaudu 2025-07-28...
2025-07-28 21:03:42,059 - INFO - Fails 28_07_2025.tar.gz nav atrasts
2025-07-28 21:03:42,079 - INFO - PÄrbaudu 2025-07-27...
2025-07-28 21:03:42,199 - INFO - Fails 27_07_2025.tar.gz nav atrasts
2025-07-28 21:03:42,220 - INFO - PÄrbaudu 2025-07-26...
2025-07-28 21:03:42,353 - INFO - ApstrÄdÄju 26_07_2025.tar.gz
2025-07-28 21:03:42,586 - INFO - Atrasts: /var/folders/yc/sts41p3x6292wmw7swg4sr9m0000gn/T/tmpi_i8xef3/768332.xml - atslÄ“gvÄrdi: ['paleÅ¡'], CPV: []
2025-07-28 21:03:42,609 - INFO - PÄrbaudu 2025-07-25...
2025-07-28 21:03:42,739 - INFO - ApstrÄdÄju 25_07_2025.tar.gz
2025-07-28 21:03:43,353 - INFO - Atrasts: /var/folders/yc/sts41p3x6292wmw7swg4sr9m0000gn/T/tmpi_i8xef3/768332.xml - atslÄ“gvÄrdi: ['paleÅ¡'], CPV: []
2025-07-28 21:03:43,749 - INFO - PÄrbaudu 2025-07-24...
2025-07-28 21:03:43,888 - INFO - ApstrÄdÄju 24_07_2025.tar.gz
2025-07-28 21:03:44,711 - INFO - Atrasts: /var/folders/yc/sts41p3x6292wmw7swg4sr9m0000gn/T/tmpi_i8xef3/768332.xml - atslÄ“gvÄrdi: ['paleÅ¡'], CPV: []
2025-07-28 21:03:45,218 - INFO - PÄrbaudu 2025-07-23...
2025-07-28 21:03:45,348 - INFO - ApstrÄdÄju 23_07_2025.tar.gz
2025-07-28 21:03:46,806 - INFO - Atrasts: /var/folders/yc/sts41p3x6292wmw7swg4sr9m0000gn/T/tmpi_i8xef3/768332.xml - atslÄ“gvÄrdi: ['paleÅ¡'], CPV: []
2025-07-28 21:03:47,422 - INFO - PÄrbaudu 2025-07-22...
2025-07-28 21:03:47,660 - INFO - ApstrÄdÄju 22_07_2025.tar.gz
2025-07-28 21:03:49,985 - INFO - Atrasts: /var/folders/yc/sts41p3x6292wmw7swg4sr9m0000gn/T/tmpi_i8xef3/768332.xml - atslÄ“gvÄrdi: ['paleÅ¡'], CPV: []
2025-07-28 21:03:50,616 - INFO - SaglabÄti 5 rezultÄti failos rezultati/rezultati_20250728_210350.json un rezultati/rezultati_20250728_210350.txt
2025-07-28 21:03:50,617 - INFO - MeklÄ“Å¡ana pabeigta. Atrasti 5 atbilstoÅ¡i ieraksti.
2025-07-28 21:28:25,509 - INFO - [31m[1mWARNING: This is a development server. Do not use it in a production deployment. Use a production WSGI server instead.[0m
 * Running on all addresses (0.0.0.0)
 * Running on http://127.0.0.1:5050
 * Running on http://192.168.1.100:5050
2025-07-28 21:28:25,509 - INFO - [33mPress CTRL+C to quit[0m
2025-07-28 21:28:25,510 - INFO -  * Restarting with stat
2025-07-28 21:28:25,593 - WARNING -  * Debugger is active!
2025-07-28 21:28:25,598 - INFO -  * Debugger PIN: 135-515-179
2025-07-28 21:28:28,518 - INFO - 127.0.0.1 - - [28/Jul/2025 21:28:28] "GET / HTTP/1.1" 200 -
2025-07-28 21:39:25,092 - INFO -  * Detected change in '/Users/agnesebriede/Desktop/Ingmars-EIS/python/app.py', reloading
2025-07-28 21:39:25,124 - INFO -  * Restarting with stat
2025-07-28 21:39:25,227 - WARNING -  * Debugger is active!
2025-07-28 21:39:25,231 - INFO -  * Debugger PIN: 135-515-179
2025-07-28 21:39:51,328 - INFO - [31m[1mWARNING: This is a development server. Do not use it in a production deployment. Use a production WSGI server instead.[0m
 * Running on all addresses (0.0.0.0)
 * Running on http://127.0.0.1:5050
 * Running on http://192.168.1.100:5050
2025-07-28 21:39:51,328 - INFO - [33mPress CTRL+C to quit[0m
2025-07-28 21:39:51,328 - INFO -  * Restarting with stat
2025-07-28 21:39:51,412 - WARNING -  * Debugger is active!
2025-07-28 21:39:51,416 - INFO -  * Debugger PIN: 135-515-179
2025-07-28 21:39:54,313 - INFO - 127.0.0.1 - - [28/Jul/2025 21:39:54] "GET / HTTP/1.1" 200 -
2025-07-28 21:40:22,796 - INFO - 127.0.0.1 - - [28/Jul/2025 21:40:22] "GET / HTTP/1.1" 200 -
2025-07-28 21:40:47,041 - INFO - 127.0.0.1 - - [28/Jul/2025 21:40:47] "GET / HTTP/1.1" 200 -
2025-07-28 21:40:49,079 - INFO - 127.0.0.1 - - [28/Jul/2025 21:40:49] "GET /api/config HTTP/1.1" 200 -
2025-07-28 21:42:25,967 - INFO - VeiksmÄ«gi pieslÄ“dzos open.iub.gov.lv
2025-07-28 21:42:25,968 - INFO - MeklÄ“ datumÄ: 2025-07-25
2025-07-28 21:42:26,116 - INFO - ApstrÄdÄju 25_07_2025.tar.gz
2025-07-28 21:42:26,276 - INFO - MeklÄ“ datumÄ: 2025-07-26
2025-07-28 21:42:26,406 - INFO - ApstrÄdÄju 26_07_2025.tar.gz
2025-07-28 21:42:26,528 - INFO - Atrasts: /var/folders/yc/sts41p3x6292wmw7swg4sr9m0000gn/T/tmpqv6yyh6p/768332.xml - atslÄ“gvÄrdi: ['paleÅ¡u'], CPV: []
2025-07-28 21:42:26,587 - INFO - 127.0.0.1 - - [28/Jul/2025 21:42:26] "POST /api/search HTTP/1.1" 200 -
2025-07-28 21:43:16,788 - INFO - VeiksmÄ«gi pieslÄ“dzos open.iub.gov.lv
2025-07-28 21:43:16,788 - INFO - MeklÄ“ datumÄ: 2025-07-23
2025-07-28 21:43:16,917 - INFO - ApstrÄdÄju 23_07_2025.tar.gz
2025-07-28 21:43:17,089 - INFO - MeklÄ“ datumÄ: 2025-07-24
2025-07-28 21:43:17,218 - INFO - ApstrÄdÄju 24_07_2025.tar.gz
2025-07-28 21:43:17,387 - INFO - MeklÄ“ datumÄ: 2025-07-25
2025-07-28 21:43:17,527 - INFO - ApstrÄdÄju 25_07_2025.tar.gz
2025-07-28 21:43:17,717 - INFO - MeklÄ“ datumÄ: 2025-07-26
2025-07-28 21:43:17,857 - INFO - ApstrÄdÄju 26_07_2025.tar.gz
2025-07-28 21:43:18,087 - INFO - 127.0.0.1 - - [28/Jul/2025 21:43:18] "POST /api/search HTTP/1.1" 200 -
2025-07-28 21:44:07,319 - INFO - VeiksmÄ«gi pieslÄ“dzos open.iub.gov.lv
2025-07-28 21:44:07,319 - INFO - MeklÄ“ datumÄ: 2025-07-23
2025-07-28 21:44:07,449 - INFO - ApstrÄdÄju 23_07_2025.tar.gz
2025-07-28 21:44:07,629 - INFO - MeklÄ“ datumÄ: 2025-07-24
2025-07-28 21:44:07,758 - INFO - ApstrÄdÄju 24_07_2025.tar.gz
2025-07-28 21:44:07,918 - INFO - MeklÄ“ datumÄ: 2025-07-25
2025-07-28 21:44:08,075 - INFO - ApstrÄdÄju 25_07_2025.tar.gz
2025-07-28 21:44:08,258 - INFO - MeklÄ“ datumÄ: 2025-07-26
2025-07-28 21:44:08,399 - INFO - ApstrÄdÄju 26_07_2025.tar.gz
2025-07-28 21:44:08,618 - INFO - 127.0.0.1 - - [28/Jul/2025 21:44:08] "POST /api/search HTTP/1.1" 200 -
2025-07-28 21:45:32,821 - INFO - VeiksmÄ«gi pieslÄ“dzos open.iub.gov.lv
2025-07-28 21:45:32,821 - INFO - MeklÄ“ datumÄ: 2025-07-23
2025-07-28 21:45:32,950 - INFO - ApstrÄdÄju 23_07_2025.tar.gz
2025-07-28 21:45:33,120 - INFO - MeklÄ“ datumÄ: 2025-07-24
2025-07-28 21:45:33,251 - INFO - ApstrÄdÄju 24_07_2025.tar.gz
2025-07-28 21:45:33,410 - INFO - MeklÄ“ datumÄ: 2025-07-25
2025-07-28 21:45:33,520 - INFO - ApstrÄdÄju 25_07_2025.tar.gz
2025-07-28 21:45:33,699 - INFO - MeklÄ“ datumÄ: 2025-07-26
2025-07-28 21:45:33,829 - INFO - ApstrÄdÄju 26_07_2025.tar.gz
2025-07-28 21:45:33,971 - INFO - Atrasts: /var/folders/yc/sts41p3x6292wmw7swg4sr9m0000gn/T/tmp_t1u1dg2/768332.xml - atslÄ“gvÄrdi: ['paleÅ¡u'], CPV: []
2025-07-28 21:45:34,030 - INFO - 127.0.0.1 - - [28/Jul/2025 21:45:34] "POST /api/search HTTP/1.1" 200 -
2025-07-28 21:49:38,070 - INFO - VeiksmÄ«gi pieslÄ“dzos open.iub.gov.lv
2025-07-28 21:49:38,071 - INFO - MeklÄ“ datumÄ: 2025-07-23
2025-07-28 21:49:38,200 - INFO - ApstrÄdÄju 23_07_2025.tar.gz
2025-07-28 21:49:38,370 - INFO - MeklÄ“ datumÄ: 2025-07-24
2025-07-28 21:49:38,503 - INFO - ApstrÄdÄju 24_07_2025.tar.gz
2025-07-28 21:49:38,670 - INFO - MeklÄ“ datumÄ: 2025-07-25
2025-07-28 21:49:38,801 - INFO - ApstrÄdÄju 25_07_2025.tar.gz
2025-07-28 21:49:38,991 - INFO - MeklÄ“ datumÄ: 2025-07-26
2025-07-28 21:49:39,130 - INFO - ApstrÄdÄju 26_07_2025.tar.gz
2025-07-28 21:49:39,320 - INFO - 127.0.0.1 - - [28/Jul/2025 21:49:39] "POST /api/search HTTP/1.1" 200 -
2025-07-28 21:51:59,440 - INFO - VeiksmÄ«gi pieslÄ“dzos open.iub.gov.lv
2025-07-28 21:51:59,441 - INFO - MeklÄ“ datumÄ: 2025-07-23
2025-07-28 21:51:59,570 - INFO - ApstrÄdÄju 23_07_2025.tar.gz
2025-07-28 21:51:59,730 - INFO - MeklÄ“ datumÄ: 2025-07-24
2025-07-28 21:51:59,861 - INFO - ApstrÄdÄju 24_07_2025.tar.gz
2025-07-28 21:52:00,030 - INFO - MeklÄ“ datumÄ: 2025-07-25
2025-07-28 21:52:00,159 - INFO - ApstrÄdÄju 25_07_2025.tar.gz
2025-07-28 21:52:00,313 - INFO - Atrasts: /var/folders/yc/sts41p3x6292wmw7swg4sr9m0000gn/T/tmp_9tk7gy9/768322.xml - atslÄ“gvÄrdi: ['elektrotÄ«kla'], CPV: []
2025-07-28 21:52:00,349 - INFO - MeklÄ“ datumÄ: 2025-07-26
2025-07-28 21:52:00,480 - INFO - ApstrÄdÄju 26_07_2025.tar.gz
2025-07-28 21:52:00,612 - INFO - Atrasts: /var/folders/yc/sts41p3x6292wmw7swg4sr9m0000gn/T/tmp_9tk7gy9/768322.xml - atslÄ“gvÄrdi: ['elektrotÄ«kla'], CPV: []
2025-07-28 21:52:00,660 - INFO - 127.0.0.1 - - [28/Jul/2025 21:52:00] "POST /api/search HTTP/1.1" 200 -
2025-07-29 07:30:31,978 - INFO -  * Detected change in '/Users/agnesebriede/Desktop/Ingmars-EIS/python/app.py', reloading
2025-07-29 07:30:32,015 - INFO -  * Restarting with stat
